[    3925ms] [INFO] %cDownload the React DevTools for a better development experience: https://react.dev/link/react-devtools font-weight:bold @ http://localhost:3000/_next/static/chunks/0obu_next_dist_11rbr97._.js:2431
[    4119ms] [LOG] [HMR] connected @ http://localhost:3000/_next/static/chunks/0obu_next_dist_11rbr97._.js:2431
[    4273ms] [ERROR] Failed to load resource: the server responded with a status of 404 (Not Found) @ http://localhost:3000/favicon.ico:0
[    5762ms] [LOG] [Fast Refresh] rebuilding @ http://localhost:3000/_next/static/chunks/0obu_next_dist_11rbr97._.js:2431
[    6117ms] [LOG] [Fast Refresh] done in 453ms @ http://localhost:3000/_next/static/chunks/0obu_next_dist_11rbr97._.js:2431
[    6239ms] [INFO] %cDownload the React DevTools for a better development experience: https://react.dev/link/react-devtools font-weight:bold @ http://localhost:3000/_next/static/chunks/0obu_next_dist_11rbr97._.js:2431
[    6302ms] [LOG] [HMR] connected @ http://localhost:3000/_next/static/chunks/0obu_next_dist_11rbr97._.js:2431
[    7740ms] [LOG] [Fast Refresh] rebuilding @ http://localhost:3000/_next/static/chunks/0obu_next_dist_11rbr97._.js:2431
[    7773ms] [LOG] [Fast Refresh] done in 148ms @ http://localhost:3000/_next/static/chunks/0obu_next_dist_11rbr97._.js:2431
[    7882ms] [LOG] [Fast Refresh] rebuilding @ http://localhost:3000/_next/static/chunks/0obu_next_dist_11rbr97._.js:2431
[    7883ms] [LOG] [Fast Refresh] done in 109ms @ http://localhost:3000/_next/static/chunks/0obu_next_dist_11rbr97._.js:2431
[    8014ms] [LOG] [Fast Refresh] rebuilding @ http://localhost:3000/_next/static/chunks/0obu_next_dist_11rbr97._.js:2431
[    8041ms] [LOG] [Fast Refresh] done in 142ms @ http://localhost:3000/_next/static/chunks/0obu_next_dist_11rbr97._.js:2431
[    8112ms] [INFO] %cDownload the React DevTools for a better development experience: https://react.dev/link/react-devtools font-weight:bold @ http://localhost:3000/_next/static/chunks/0obu_next_dist_11rbr97._.js:2431
[    8155ms] [LOG] [HMR] connected @ http://localhost:3000/_next/static/chunks/0obu_next_dist_11rbr97._.js:2431
[   12136ms] [LOG] [Fast Refresh] rebuilding @ http://localhost:3000/_next/static/chunks/0obu_next_dist_11rbr97._.js:2431
[   12480ms] [LOG] [Fast Refresh] done in 450ms @ http://localhost:3000/_next/static/chunks/0obu_next_dist_11rbr97._.js:2431
[   17503ms] [LOG] [Fast Refresh] rebuilding @ http://localhost:3000/_next/static/chunks/0obu_next_dist_11rbr97._.js:2431
[   17507ms] [LOG] [Fast Refresh] done in 109ms @ http://localhost:3000/_next/static/chunks/0obu_next_dist_11rbr97._.js:2431
[   33435ms] [LOG] [Fast Refresh] rebuilding @ http://localhost:3000/_next/static/chunks/0obu_next_dist_11rbr97._.js:2431
[   33459ms] [LOG] [Fast Refresh] done in 124ms @ http://localhost:3000/_next/static/chunks/0obu_next_dist_11rbr97._.js:2431
[   35798ms] [LOG] [Fast Refresh] rebuilding @ http://localhost:3000/_next/static/chunks/0obu_next_dist_11rbr97._.js:2431
[   36292ms] [LOG] [Fast Refresh] done in 606ms @ http://localhost:3000/_next/static/chunks/0obu_next_dist_11rbr97._.js:2431
[   38731ms] [LOG] [Fast Refresh] rebuilding @ http://localhost:3000/_next/static/chunks/0obu_next_dist_11rbr97._.js:2431
[   39710ms] [LOG] [Fast Refresh] done in 1082ms @ http://localhost:3000/_next/static/chunks/0obu_next_dist_11rbr97._.js:2431
[   46111ms] [LOG] [Fast Refresh] rebuilding @ http://localhost:3000/_next/static/chunks/0obu_next_dist_11rbr97._.js:2431
[   46248ms] [LOG] [Fast Refresh] done in 242ms @ http://localhost:3000/_next/static/chunks/0obu_next_dist_11rbr97._.js:2431
[   54449ms] [LOG] [Fast Refresh] rebuilding @ http://localhost:3000/_next/static/chunks/0obu_next_dist_11rbr97._.js:2431
[   55263ms] [LOG] [Fast Refresh] done in 929ms @ http://localhost:3000/_next/static/chunks/0obu_next_dist_11rbr97._.js:2431
[   62139ms] [LOG] [Fast Refresh] rebuilding @ http://localhost:3000/_next/static/chunks/0obu_next_dist_11rbr97._.js:2431
[   63001ms] [LOG] [Fast Refresh] done in 967ms @ http://localhost:3000/_next/static/chunks/0obu_next_dist_11rbr97._.js:2431
