[    4086ms] [INFO] %cDownload the React DevTools for a better development experience: https://react.dev/link/react-devtools font-weight:bold @ http://localhost:3000/_next/static/chunks/0obu_next_dist_11rbr97._.js:2431
[    4256ms] [LOG] [HMR] connected @ http://localhost:3000/_next/static/chunks/0obu_next_dist_11rbr97._.js:2431
[    4354ms] [ERROR] Failed to load resource: the server responded with a status of 404 (Not Found) @ http://localhost:3000/favicon.ico:0
[    6876ms] [LOG] [Fast Refresh] rebuilding @ http://localhost:3000/_next/static/chunks/0obu_next_dist_11rbr97._.js:2431
[    7567ms] [LOG] [Fast Refresh] done in 800ms @ http://localhost:3000/_next/static/chunks/0obu_next_dist_11rbr97._.js:2431
[    8009ms] [INFO] %cDownload the React DevTools for a better development experience: https://react.dev/link/react-devtools font-weight:bold @ http://localhost:3000/_next/static/chunks/0obu_next_dist_11rbr97._.js:2431
[    8059ms] [LOG] [HMR] connected @ http://localhost:3000/_next/static/chunks/0obu_next_dist_11rbr97._.js:2431
[    9942ms] [LOG] [Fast Refresh] rebuilding @ http://localhost:3000/_next/static/chunks/0obu_next_dist_11rbr97._.js:2431
[   10684ms] [LOG] [Fast Refresh] done in 846ms @ http://localhost:3000/_next/static/chunks/0obu_next_dist_11rbr97._.js:2431
[   10977ms] [INFO] %cDownload the React DevTools for a better development experience: https://react.dev/link/react-devtools font-weight:bold @ http://localhost:3000/_next/static/chunks/0obu_next_dist_11rbr97._.js:2431
[   11013ms] [LOG] [HMR] connected @ http://localhost:3000/_next/static/chunks/0obu_next_dist_11rbr97._.js:2431
[   12893ms] [LOG] [Fast Refresh] rebuilding @ http://localhost:3000/_next/static/chunks/0obu_next_dist_11rbr97._.js:2431
[   12951ms] [LOG] [Fast Refresh] done in 174ms @ http://localhost:3000/_next/static/chunks/0obu_next_dist_11rbr97._.js:2431
[   30449ms] [LOG] [Fast Refresh] rebuilding @ http://localhost:3000/_next/static/chunks/0obu_next_dist_11rbr97._.js:2431
[   30463ms] [LOG] [Fast Refresh] done in 115ms @ http://localhost:3000/_next/static/chunks/0obu_next_dist_11rbr97._.js:2431
[   30588ms] [LOG] [Fast Refresh] rebuilding @ http://localhost:3000/_next/static/chunks/0obu_next_dist_11rbr97._.js:2431
[   30810ms] [LOG] [Fast Refresh] done in 337ms @ http://localhost:3000/_next/static/chunks/0obu_next_dist_11rbr97._.js:2431
[   30970ms] [LOG] [Fast Refresh] rebuilding @ http://localhost:3000/_next/static/chunks/0obu_next_dist_11rbr97._.js:2431
[   30983ms] [LOG] [Fast Refresh] done in 123ms @ http://localhost:3000/_next/static/chunks/0obu_next_dist_11rbr97._.js:2431
[   31136ms] [LOG] [Fast Refresh] rebuilding @ http://localhost:3000/_next/static/chunks/0obu_next_dist_11rbr97._.js:2431
[   31137ms] [LOG] [Fast Refresh] done in 106ms @ http://localhost:3000/_next/static/chunks/0obu_next_dist_11rbr97._.js:2431
[   32141ms] [LOG] [Fast Refresh] rebuilding @ http://localhost:3000/_next/static/chunks/0obu_next_dist_11rbr97._.js:2431
[   32160ms] [LOG] [Fast Refresh] done in 121ms @ http://localhost:3000/_next/static/chunks/0obu_next_dist_11rbr97._.js:2431
[   36586ms] [LOG] [Fast Refresh] rebuilding @ http://localhost:3000/_next/static/chunks/0obu_next_dist_11rbr97._.js:2431
[   36596ms] [LOG] [Fast Refresh] done in 111ms @ http://localhost:3000/_next/static/chunks/0obu_next_dist_11rbr97._.js:2431
[   45445ms] [LOG] [Fast Refresh] rebuilding @ http://localhost:3000/_next/static/chunks/0obu_next_dist_11rbr97._.js:2431
[   45449ms] [LOG] [Fast Refresh] done in 108ms @ http://localhost:3000/_next/static/chunks/0obu_next_dist_11rbr97._.js:2431
[   67611ms] [LOG] [Fast Refresh] rebuilding @ http://localhost:3000/_next/static/chunks/0obu_next_dist_11rbr97._.js:2431
[   67612ms] [LOG] [Fast Refresh] done in 102ms @ http://localhost:3000/_next/static/chunks/0obu_next_dist_11rbr97._.js:2431
[  119014ms] [LOG] [Fast Refresh] rebuilding @ http://localhost:3000/_next/static/chunks/0obu_next_dist_11rbr97._.js:2431
[  119227ms] [LOG] [Fast Refresh] done in 321ms @ http://localhost:3000/_next/static/chunks/0obu_next_dist_11rbr97._.js:2431
[  121043ms] [LOG] [Fast Refresh] rebuilding @ http://localhost:3000/_next/static/chunks/0obu_next_dist_11rbr97._.js:2431
[  121065ms] [LOG] [Fast Refresh] done in 134ms @ http://localhost:3000/_next/static/chunks/0obu_next_dist_11rbr97._.js:2431
